c:\users\noah bensler\documents\cpsc585\knockout\knockout\x64\release\vc142.pdb
c:\users\noah bensler\documents\cpsc585\knockout\knockout\x64\release\main.obj
c:\users\noah bensler\documents\cpsc585\knockout\knockout\x64\release\imgui_widgets.obj
c:\users\noah bensler\documents\cpsc585\knockout\knockout\x64\release\imgui_tables.obj
c:\users\noah bensler\documents\cpsc585\knockout\knockout\x64\release\imgui_impl_opengl3.obj
c:\users\noah bensler\documents\cpsc585\knockout\knockout\x64\release\imgui_impl_glfw.obj
c:\users\noah bensler\documents\cpsc585\knockout\knockout\x64\release\imgui_draw.obj
c:\users\noah bensler\documents\cpsc585\knockout\knockout\x64\release\imgui_demo.obj
c:\users\noah bensler\documents\cpsc585\knockout\knockout\x64\release\imgui.obj
c:\users\eddy\documents\github\knockout\x64\release\knockout.ipdb
c:\users\eddy\documents\github\knockout\x64\release\knockout.iobj
c:\users\noah bensler\documents\cpsc585\knockout\x64\release\knockout.ipdb
c:\users\noah bensler\documents\cpsc585\knockout\x64\release\knockout.iobj
c:\users\noah bensler\documents\cpsc585\knockout\x64\release\knockout.exe
c:\users\noah bensler\documents\cpsc585\knockout\x64\release\knockout.pdb
c:\users\eddy\documents\github\knockout\knockout\x64\release\imgui.obj
c:\users\eddy\documents\github\knockout\knockout\x64\release\imgui_demo.obj
c:\users\eddy\documents\github\knockout\knockout\x64\release\imgui_draw.obj
c:\users\eddy\documents\github\knockout\knockout\x64\release\imgui_impl_glfw.obj
c:\users\eddy\documents\github\knockout\knockout\x64\release\imgui_impl_opengl3.obj
c:\users\eddy\documents\github\knockout\knockout\x64\release\imgui_tables.obj
c:\users\eddy\documents\github\knockout\knockout\x64\release\imgui_widgets.obj
c:\users\eddy\documents\github\knockout\knockout\x64\release\main.obj
c:\users\eddy\documents\github\knockout\knockout\x64\release\vc142.pdb
c:\users\eddy\documents\github\knockout\x64\release\knockout.pdb
c:\users\eddy\documents\github\knockout\x64\release\knockout.exe
c:\users\eddy\documents\github\knockout\knockout\x64\release\knockout.tlog\cl.command.1.tlog
c:\users\eddy\documents\github\knockout\knockout\x64\release\knockout.tlog\cl.read.1.tlog
c:\users\eddy\documents\github\knockout\knockout\x64\release\knockout.tlog\cl.write.1.tlog
c:\users\eddy\documents\github\knockout\knockout\x64\release\knockout.tlog\knockout.write.1u.tlog
c:\users\eddy\documents\github\knockout\knockout\x64\release\knockout.tlog\link.command.1.tlog
c:\users\eddy\documents\github\knockout\knockout\x64\release\knockout.tlog\link.read.1.tlog
c:\users\eddy\documents\github\knockout\knockout\x64\release\knockout.tlog\link.write.1.tlog
